Arguments: 
  D:\Program Files\node.exe C:\Users\Administrator\AppData\Roaming\npm\node_modules\yarn\bin\yarn.js add player

PATH: 
  C:\ProgramData\Oracle\Java\javapath\C:\windows\system32\;C:\Program Files\Java\jdk1.8.0_45\bin;C:\Program Files\Java\jdk1.8.0_45\jre\bin;D:\Program Files\;D:\Program Files\Git\cmd;C:\windows\system32\;C:\Program Files\Java\jdk1.8.0_45\bin;C:\Users\Administrator\AppData\Local\Microsoft\WindowsApps;D:\Program Files\Microsoft VS Code\bin;C:\Users\Administrator\AppData\Roaming\npm;C:\windows\system32\

Yarn version: 
  1.16.0

Node version: 
  10.15.1

Platform: 
  win32 x64

Trace: 
  Error: ENOENT: no such file or directory, copyfile 'C:\Users\Administrator\AppData\Local\Yarn\Cache\v4\npm-ansi-regex-3.0.0-ed0317c322064f79466c02966bddb605ab37d998\node_modules\ansi-regex\index.js' -> 'D:\jtw_lesson\node\event\node_modules\string-width\node_modules\ansi-regex\index.js'

npm manifest: 
  {
    "name": "event",
    "version": "1.0.0",
    "description": "click \r http((req,res)=>{\r     res.on('data')\r     res.on('end)\r })\r onClick\r onDbClick\r 订阅发布者模式。",
    "main": "index.js",
    "directories": {
      "lib": "lib"
    },
    "scripts": {
      "test": "echo \"Error: no test specified\" && exit 1"
    },
    "keywords": [],
    "author": "",
    "license": "ISC",
    "dependencies": {
      "inquirer": "^6.3.1",
      "request": "^2.88.0"
    }
  }

yarn manifest: 
  No manifest

Lockfile: 
  No lockfile
